2026-01-19 12:37:52,293 [Worker-4: Loading available Gradle versions] INFO  o.e.b.c.i.u.g.PublishedGradleVersions - Gradle version information cache is not available. Remote download required.
2026-01-19 13:57:50,100 [Worker-8: Loading available Gradle versions] INFO  o.e.b.c.i.u.g.PublishedGradleVersions - Gradle version information cache is up-to-date. Trying to read.
2026-01-20 10:11:59,134 [Worker-7: Loading available Gradle versions] INFO  o.e.b.c.i.u.g.PublishedGradleVersions - Gradle version information cache is up-to-date. Trying to read.
2026-01-21 10:15:09,138 [Worker-3: Loading available Gradle versions] INFO  o.e.b.c.i.u.g.PublishedGradleVersions - Gradle version information cache is out-of-date. Trying to update.
2026-01-22 14:28:38,949 [Worker-4: Loading available Gradle versions] INFO  o.e.b.c.i.u.g.PublishedGradleVersions - Gradle version information cache is out-of-date. Trying to update.
2026-01-22 15:57:01,688 [Worker-6: Loading available Gradle versions] INFO  o.e.b.c.i.u.g.PublishedGradleVersions - Gradle version information cache is up-to-date. Trying to read.
2026-01-23 12:31:15,665 [Worker-9: Loading available Gradle versions] INFO  o.e.b.c.i.u.g.PublishedGradleVersions - Gradle version information cache is up-to-date. Trying to read.
2026-01-27 14:34:23,847 [Worker-7: Loading available Gradle versions] INFO  o.e.b.c.i.u.g.PublishedGradleVersions - Gradle version information cache is out-of-date. Trying to update.
2026-01-28 11:12:42,972 [Worker-4: Loading available Gradle versions] INFO  o.e.b.c.i.u.g.PublishedGradleVersions - Gradle version information cache is up-to-date. Trying to read.
2026-01-28 12:18:12,676 [Worker-8: Loading available Gradle versions] INFO  o.e.b.c.i.u.g.PublishedGradleVersions - Gradle version information cache is up-to-date. Trying to read.
2026-01-28 16:06:14,886 [Worker-1: Loading available Gradle versions] INFO  o.e.b.c.i.u.g.PublishedGradleVersions - Gradle version information cache is out-of-date. Trying to update.
2026-01-28 16:06:14,976 [Worker-1: Loading available Gradle versions] INFO  o.e.b.c.i.u.g.PublishedGradleVersions - Updating Gradle version information cache failed. Using outdated cache.
2026-01-28 16:50:39,246 [Worker-5: Loading available Gradle versions] INFO  o.e.b.c.i.u.g.PublishedGradleVersions - Gradle version information cache is out-of-date. Trying to update.
2026-01-29 10:24:16,278 [Worker-6: Loading available Gradle versions] INFO  o.e.b.c.i.u.g.PublishedGradleVersions - Gradle version information cache is up-to-date. Trying to read.
2026-01-30 10:09:27,178 [Worker-8: Loading available Gradle versions] INFO  o.e.b.c.i.u.g.PublishedGradleVersions - Gradle version information cache is out-of-date. Trying to update.
2026-01-30 10:09:37,566 [Worker-8: Loading available Gradle versions] INFO  o.e.b.c.i.u.g.PublishedGradleVersions - Updating Gradle version information cache failed. Using outdated cache.
2026-01-31 10:11:00,179 [Worker-1: Loading available Gradle versions] INFO  o.e.b.c.i.u.g.PublishedGradleVersions - Gradle version information cache is out-of-date. Trying to update.
2026-01-31 10:11:10,597 [Worker-1: Loading available Gradle versions] INFO  o.e.b.c.i.u.g.PublishedGradleVersions - Updating Gradle version information cache failed. Using outdated cache.
2026-02-02 10:52:52,955 [Worker-8: Loading available Gradle versions] INFO  o.e.b.c.i.u.g.PublishedGradleVersions - Gradle version information cache is out-of-date. Trying to update.
2026-02-03 10:12:52,714 [Worker-2: Loading available Gradle versions] INFO  o.e.b.c.i.u.g.PublishedGradleVersions - Gradle version information cache is up-to-date. Trying to read.
2026-02-03 11:37:39,363 [Worker-2: Loading available Gradle versions] INFO  o.e.b.c.i.u.g.PublishedGradleVersions - Gradle version information cache is out-of-date. Trying to update.
2026-02-06 10:10:07,824 [Worker-4: Loading available Gradle versions] INFO  o.e.b.c.i.u.g.PublishedGradleVersions - Gradle version information cache is out-of-date. Trying to update.
2026-02-06 14:22:32,403 [Worker-2: Loading available Gradle versions] INFO  o.e.b.c.i.u.g.PublishedGradleVersions - Gradle version information cache is up-to-date. Trying to read.
2026-02-09 10:02:34,414 [Worker-3: Loading available Gradle versions] INFO  o.e.b.c.i.u.g.PublishedGradleVersions - Gradle version information cache is out-of-date. Trying to update.
2026-02-09 14:08:13,685 [Worker-2: Loading available Gradle versions] INFO  o.e.b.c.i.u.g.PublishedGradleVersions - Gradle version information cache is up-to-date. Trying to read.
2026-02-10 10:22:55,564 [Worker-1: Loading available Gradle versions] INFO  o.e.b.c.i.u.g.PublishedGradleVersions - Gradle version information cache is out-of-date. Trying to update.
2026-02-10 10:23:19,975 [Worker-1: Loading available Gradle versions] INFO  o.e.b.c.i.u.g.PublishedGradleVersions - Updating Gradle version information cache failed. Using outdated cache.
2026-02-10 13:36:50,730 [Worker-3: Loading available Gradle versions] INFO  o.e.b.c.i.u.g.PublishedGradleVersions - Gradle version information cache is out-of-date. Trying to update.
2026-02-11 10:34:32,117 [Worker-6: Loading available Gradle versions] INFO  o.e.b.c.i.u.g.PublishedGradleVersions - Gradle version information cache is up-to-date. Trying to read.
2026-02-11 21:52:18,969 [Worker-5: Loading available Gradle versions] INFO  o.e.b.c.i.u.g.PublishedGradleVersions - Gradle version information cache is out-of-date. Trying to update.
2026-02-12 08:22:13,464 [Worker-4: Loading available Gradle versions] INFO  o.e.b.c.i.u.g.PublishedGradleVersions - Gradle version information cache is up-to-date. Trying to read.
2026-02-12 10:03:58,191 [Worker-3: Loading available Gradle versions] INFO  o.e.b.c.i.u.g.PublishedGradleVersions - Gradle version information cache is up-to-date. Trying to read.
2026-02-12 14:01:17,245 [Worker-7: Loading available Gradle versions] INFO  o.e.b.c.i.u.g.PublishedGradleVersions - Gradle version information cache is up-to-date. Trying to read.
2026-02-13 10:47:26,368 [Worker-7: Loading available Gradle versions] INFO  o.e.b.c.i.u.g.PublishedGradleVersions - Gradle version information cache is out-of-date. Trying to update.
2026-02-16 12:42:25,512 [Worker-3: Loading available Gradle versions] INFO  o.e.b.c.i.u.g.PublishedGradleVersions - Gradle version information cache is out-of-date. Trying to update.
2026-02-16 14:38:08,511 [Worker-4: Loading available Gradle versions] INFO  o.e.b.c.i.u.g.PublishedGradleVersions - Gradle version information cache is up-to-date. Trying to read.
2026-02-16 23:31:43,410 [Worker-2: Loading available Gradle versions] INFO  o.e.b.c.i.u.g.PublishedGradleVersions - Gradle version information cache is up-to-date. Trying to read.
2026-02-17 10:16:51,353 [Worker-4: Loading available Gradle versions] INFO  o.e.b.c.i.u.g.PublishedGradleVersions - Gradle version information cache is up-to-date. Trying to read.
2026-02-18 12:28:06,301 [Worker-3: Loading available Gradle versions] INFO  o.e.b.c.i.u.g.PublishedGradleVersions - Gradle version information cache is out-of-date. Trying to update.
2026-02-18 12:50:48,301 [Worker-1: Loading available Gradle versions] INFO  o.e.b.c.i.u.g.PublishedGradleVersions - Gradle version information cache is up-to-date. Trying to read.
2026-02-18 13:09:01,650 [Start Help Server] INFO  org.eclipse.jetty.server.Server - jetty-12.1.4; built: 2025-11-10T17:42:37.481Z; git: 4137e00793d583cfc4ce76bf607e482178a85597; jvm 21.0.10+7-Ubuntu-122.04
2026-02-18 13:09:01,706 [Start Help Server] INFO  o.e.j.server.handler.ContextHandler - Started oeje8n.ContextHandler$CoreContextHandler@2fa19f67{/help,/help,b=null,a=AVAILABLE,h=oeje8n.ContextHandler$CoreContextHandler$CoreToNestedHandler@37c2a573{STARTED}}
2026-02-18 13:09:01,706 [Start Help Server] INFO  o.e.j.s.DefaultSessionIdManager - Session workerName=node0
2026-02-18 13:09:01,714 [Start Help Server] INFO  o.e.jetty.server.AbstractConnector - Started oejs.ServerConnector@1e550959{HTTP/1.1, (http/1.1)}{127.0.0.1:41913}
2026-02-18 13:09:01,715 [Start Help Server] INFO  org.eclipse.jetty.server.Server - Started oejs.Server@3cf9e85d{STARTING}[12.1.4,sto=0] @67ms
2026-02-18 13:09:02,480 [qtp741545121-108] INFO  o.e.j.e.nested.ContextHandler._help - Warning: No org.apache.tomcat.JarScanner set in ServletContext. Falling back to default JarScanner implementation.
2026-02-18 13:09:03,023 [qtp741545121-108] INFO  o.e.j.e.nested.ContextHandler._help - Warning: No org.apache.tomcat.JarScanner set in ServletContext. Falling back to default JarScanner implementation.
2026-02-18 13:21:46,592 [Worker-71: https://mirrors.nju.edu.cn/eclipse//releases/2025-12/202512101000/plugins/org.eclipse.jst.j2ee.webservice_1.2.0.v202307260438.jar] INFO  o.a.h.c.h.i.c.HttpRequestRetryExec - ex-0000000139 recoverable I/O exception (java.net.SocketException) caught when sending request to https://mirrors.nju.edu.cn:443;request will be automatically re-executed in 0 MILLISECONDS (exec count 2)
2026-02-18 13:21:46,594 [Worker-82: https://ftp.jaist.ac.jp/pub/eclipse/releases/2025-12/202512101000/plugins/org.eclipse.jst.j2ee.xdoclet.runtime_1.2.0.v202101081429.jar] INFO  o.a.h.c.h.i.c.HttpRequestRetryExec - ex-0000000141 recoverable I/O exception (java.net.SocketException) caught when sending request to https://ftp.jaist.ac.jp:443;request will be automatically re-executed in 0 MILLISECONDS (exec count 2)
2026-02-18 13:21:46,594 [Worker-77: https://ftp.jaist.ac.jp/pub/eclipse/releases/2025-12/202512101000/plugins/org.eclipse.jst.jsf.doc.user_1.5.1.v202307262125.jar] INFO  o.a.h.c.h.i.c.HttpRequestRetryExec - ex-0000000145 recoverable I/O exception (java.net.SocketException) caught when sending request to https://ftp.jaist.ac.jp:443;request will be automatically re-executed in 0 MILLISECONDS (exec count 2)
2026-02-18 13:21:46,594 [Worker-86: https://ftp.jaist.ac.jp/pub/eclipse/releases/2025-12/202512101000/plugins/org.eclipse.jst.jee.web_1.1.100.v202406120218.jar] INFO  o.a.h.c.h.i.c.HttpRequestRetryExec - ex-0000000146 recoverable I/O exception (java.net.SocketException) caught when sending request to https://ftp.jaist.ac.jp:443;request will be automatically re-executed in 0 MILLISECONDS (exec count 2)
2026-02-18 13:21:46,594 [Stop Help Server] INFO  org.eclipse.jetty.server.Server - Stopped oejs.Server@3cf9e85d{STOPPING}[12.1.4,sto=0]
2026-02-18 13:21:46,594 [Worker-92: https://ftp.jaist.ac.jp/pub/eclipse/releases/2025-12/202512101000/plugins/org.eclipse.jst.jee_1.1.400.v202508180346.jar] INFO  o.a.h.c.h.i.c.HttpRequestRetryExec - ex-0000000142 recoverable I/O exception (java.net.SocketException) caught when sending request to https://ftp.jaist.ac.jp:443;request will be automatically re-executed in 0 MILLISECONDS (exec count 2)
2026-02-18 13:21:46,595 [Stop Help Server] INFO  o.e.jetty.server.AbstractConnector - Stopped oejs.ServerConnector@1e550959{HTTP/1.1, (http/1.1)}{127.0.0.1:0}
2026-02-18 13:22:15,457 [Worker-4: Loading available Gradle versions] INFO  o.e.b.c.i.u.g.PublishedGradleVersions - Gradle version information cache is up-to-date. Trying to read.
2026-02-27 16:04:57,847 [Worker-8: Loading available Gradle versions] INFO  o.e.b.c.i.u.g.PublishedGradleVersions - Gradle version information cache is out-of-date. Trying to update.
2026-03-02 12:16:16,893 [Worker-1: Loading available Gradle versions] INFO  o.e.b.c.i.u.g.PublishedGradleVersions - Gradle version information cache is out-of-date. Trying to update.
2026-03-02 12:17:20,431 [Worker-1: Loading available Gradle versions] INFO  o.e.b.c.i.u.g.PublishedGradleVersions - Gradle version information cache is up-to-date. Trying to read.
